<?xml version="1.0" encoding="UTF-8"?>
<!-- Generated by org.testng.reporters.JUnitXMLReporter -->
<testsuite ignored="1" hostname="LAPTOP-NASCGQ94" failures="0" tests="1" name="Default test" time="3.481" errors="0" timestamp="23 Mar. 2022 23:42:12 GMT">
  <testcase classname="testcases.LoginTest" name="LoginSuccessTest" time="0.475"/>
  <testcase classname="testcases.LoginTest" name="LoginFailureTest" time="0.0">
    <ignored/>
  </testcase> <!-- LoginFailureTest -->
</testsuite> <!-- Default test -->
