<?xml version="1.0" encoding="UTF-8"?>
<testng-results ignored="0" total="2" passed="2" failed="0" skipped="0">
  <reporter-output>
  </reporter-output>
  <suite started-at="2022-03-23T23:19:54Z" name="Suite" finished-at="2022-03-23T23:20:01Z" duration-ms="6338">
    <groups>
    </groups>
    <test started-at="2022-03-23T23:19:54Z" name="Test" finished-at="2022-03-23T23:20:01Z" duration-ms="6338">
      <class name="testcases.LoginTest">
        <test-method is-config="true" signature="DataSetUp()[pri:0, instance:testcases.LoginTest@5cdec700]" started-at="2022-03-23T23:19:54Z" name="DataSetUp" finished-at="2022-03-23T23:19:55Z" duration-ms="188" status="PASS">
          <reporter-output>
          </reporter-output>
        </test-method> <!-- DataSetUp -->
        <test-method is-config="true" signature="Setup()[pri:0, instance:testcases.LoginTest@5cdec700]" started-at="2022-03-23T23:19:55Z" name="Setup" finished-at="2022-03-23T23:19:57Z" duration-ms="2539" status="PASS">
          <reporter-output>
          </reporter-output>
        </test-method> <!-- Setup -->
        <test-method signature="LoginFailureTest()[pri:0, instance:testcases.LoginTest@5cdec700]" started-at="2022-03-23T23:19:57Z" name="LoginFailureTest" finished-at="2022-03-23T23:19:58Z" duration-ms="414" status="PASS">
          <reporter-output>
          </reporter-output>
        </test-method> <!-- LoginFailureTest -->
        <test-method is-config="true" signature="TearDown()[pri:0, instance:testcases.LoginTest@5cdec700]" started-at="2022-03-23T23:19:58Z" name="TearDown" finished-at="2022-03-23T23:19:58Z" duration-ms="128" status="PASS">
          <reporter-output>
          </reporter-output>
        </test-method> <!-- TearDown -->
        <test-method is-config="true" signature="Setup()[pri:0, instance:testcases.LoginTest@5cdec700]" started-at="2022-03-23T23:19:58Z" name="Setup" finished-at="2022-03-23T23:20:00Z" duration-ms="1995" status="PASS">
          <reporter-output>
          </reporter-output>
        </test-method> <!-- Setup -->
        <test-method signature="LoginSuccessTest()[pri:0, instance:testcases.LoginTest@5cdec700]" started-at="2022-03-23T23:20:00Z" name="LoginSuccessTest" finished-at="2022-03-23T23:20:00Z" duration-ms="555" status="PASS">
          <reporter-output>
          </reporter-output>
        </test-method> <!-- LoginSuccessTest -->
        <test-method is-config="true" signature="TearDown()[pri:0, instance:testcases.LoginTest@5cdec700]" started-at="2022-03-23T23:20:00Z" name="TearDown" finished-at="2022-03-23T23:20:00Z" duration-ms="64" status="PASS">
          <reporter-output>
          </reporter-output>
        </test-method> <!-- TearDown -->
        <test-method is-config="true" signature="DataTeardown()[pri:0, instance:testcases.LoginTest@5cdec700]" started-at="2022-03-23T23:20:00Z" name="DataTeardown" finished-at="2022-03-23T23:20:01Z" duration-ms="433" status="PASS">
          <reporter-output>
          </reporter-output>
        </test-method> <!-- DataTeardown -->
      </class> <!-- testcases.LoginTest -->
    </test> <!-- Test -->
  </suite> <!-- Suite -->
</testng-results>
