<?xml version="1.0" encoding="UTF-8"?>
<testng-results ignored="1" total="2" passed="1" failed="0" skipped="0">
  <reporter-output>
  </reporter-output>
  <suite started-at="2022-03-23T23:42:08Z" name="Default suite" finished-at="2022-03-23T23:42:12Z" duration-ms="3481">
    <groups>
    </groups>
    <test started-at="2022-03-23T23:42:08Z" name="Default test" finished-at="2022-03-23T23:42:12Z" duration-ms="3481">
      <class name="testcases.LoginTest">
        <test-method is-config="true" signature="DataSetUp()[pri:0, instance:testcases.LoginTest@196a42c3]" started-at="2022-03-23T23:42:08Z" name="DataSetUp" finished-at="2022-03-23T23:42:09Z" duration-ms="779" status="PASS">
          <reporter-output>
          </reporter-output>
        </test-method> <!-- DataSetUp -->
        <test-method is-config="true" signature="Setup()[pri:0, instance:testcases.LoginTest@196a42c3]" started-at="2022-03-23T23:42:09Z" name="Setup" finished-at="2022-03-23T23:42:11Z" duration-ms="1712" status="PASS">
          <reporter-output>
          </reporter-output>
        </test-method> <!-- Setup -->
        <test-method signature="LoginSuccessTest()[pri:0, instance:testcases.LoginTest@196a42c3]" started-at="2022-03-23T23:42:11Z" name="LoginSuccessTest" finished-at="2022-03-23T23:42:11Z" duration-ms="475" status="PASS">
          <reporter-output>
          </reporter-output>
        </test-method> <!-- LoginSuccessTest -->
        <test-method is-config="true" signature="TearDown()[pri:0, instance:testcases.LoginTest@196a42c3]" started-at="2022-03-23T23:42:11Z" name="TearDown" finished-at="2022-03-23T23:42:11Z" duration-ms="79" status="PASS">
          <reporter-output>
          </reporter-output>
        </test-method> <!-- TearDown -->
        <test-method is-config="true" signature="DataTeardown()[pri:0, instance:testcases.LoginTest@196a42c3]" started-at="2022-03-23T23:42:11Z" name="DataTeardown" finished-at="2022-03-23T23:42:12Z" duration-ms="411" status="PASS">
          <reporter-output>
          </reporter-output>
        </test-method> <!-- DataTeardown -->
      </class> <!-- testcases.LoginTest -->
    </test> <!-- Default test -->
  </suite> <!-- Default suite -->
</testng-results>
